<?xml version="1.0" encoding="UTF-8"?>
<testsuite xmlns:xsi="http://www.w3.org/2001/XMLSchema-instance" xsi:noNamespaceSchemaLocation="https://maven.apache.org/surefire/maven-surefire-plugin/xsd/surefire-test-report.xsd" errors="0" failures="0" skipped="0" name="User sessions"
           tests="12"
           time="66.864">
    <testcase classname="User sessions" name="Login" time="40.857">
    </testcase>
    <testcase classname="User sessions" name="Logout"
              time="25.896">
    </testcase>
</testsuite>